<?xml version="1.0" encoding="UTF-8"?>
<testng-results ignored="0" total="1" passed="1" failed="0" skipped="0">
  <reporter-output>
  </reporter-output>
  <suite started-at="2023-01-13T20:34:21 CET" name="Default suite" finished-at="2023-01-13T20:34:29 CET" duration-ms="7693">
    <groups>
    </groups>
    <test started-at="2023-01-13T20:34:21 CET" name="Default test" finished-at="2023-01-13T20:34:29 CET" duration-ms="7693">
      <class name="testcase.Testcase">
        <test-method is-config="true" signature="setup()[pri:0, instance:testcase.Testcase@4d5d943d]" started-at="2023-01-13T20:34:21 CET" name="setup" finished-at="2023-01-13T20:34:27 CET" duration-ms="5902" status="PASS">
          <reporter-output>
          </reporter-output>
        </test-method> <!-- setup -->
        <test-method signature="loginTest(java.lang.String,java.lang.String)[pri:0, instance:testcase.Testcase@4d5d943d]" started-at="2023-01-13T20:34:27 CET" name="loginTest" data-provider="logindata" finished-at="2023-01-13T20:34:29 CET" duration-ms="1730" status="PASS">
          <params>
            <param index="0">
              <value>
                <![CDATA[abhi7354@yahoo.co.in]]>
              </value>
            </param>
            <param index="1">
              <value>
                <![CDATA[Test1234@]]>
              </value>
            </param>
          </params>
          <reporter-output>
          </reporter-output>
        </test-method> <!-- loginTest -->
        <test-method is-config="true" signature="clean()[pri:0, instance:testcase.Testcase@4d5d943d]" started-at="2023-01-13T20:34:29 CET" name="clean" finished-at="2023-01-13T20:34:29 CET" duration-ms="1" status="PASS">
          <reporter-output>
          </reporter-output>
        </test-method> <!-- clean -->
      </class> <!-- testcase.Testcase -->
    </test> <!-- Default test -->
  </suite> <!-- Default suite -->
</testng-results>
